This is pdfTeX, Version 3.1415926-1.40.10 (TeX Live 2009/Debian) (format=pdflatex 2013.4.10)  20 APR 2015 19:35
entering extended mode
 %&-line parsing enabled.
**thesis-example.tex
(./thesis-example.tex
LaTeX2e <2009/09/24>
Babel <v3.8l> and hyphenation patterns for english, usenglishmax, dumylang, noh
yphenation, farsi, arabic, croatian, bulgarian, ukrainian, russian, czech, slov
ak, danish, dutch, finnish, french, basque, ngerman, german, german-x-2009-06-1
9, ngerman-x-2009-06-19, ibycus, monogreek, greek, ancientgreek, hungarian, san
skrit, italian, latin, latvian, lithuanian, mongolian2a, mongolian, bokmal, nyn
orsk, romanian, irish, coptic, serbian, turkish, welsh, esperanto, uppersorbian
, estonian, indonesian, interlingua, icelandic, kurmanji, slovenian, polish, po
rtuguese, spanish, galician, catalan, swedish, ukenglish, pinyin, loaded.
(/usr/share/texmf-texlive/tex/latex/base/report.cls
Document Class: report 2007/10/19 v1.4h Standard LaTeX document class
(/usr/share/texmf-texlive/tex/latex/base/size12.clo
File: size12.clo 2007/10/19 v1.4h Standard LaTeX file (size option)
)
\c@part=\count79
\c@chapter=\count80
\c@section=\count81
\c@subsection=\count82
\c@subsubsection=\count83
\c@paragraph=\count84
\c@subparagraph=\count85
\c@figure=\count86
\c@table=\count87
\abovecaptionskip=\skip41
\belowcaptionskip=\skip42
\bibindent=\dimen102
)
(/usr/share/texmf-texlive/tex/latex/base/inputenc.sty
Package: inputenc 2008/03/30 v1.1d Input encoding file
\inpenc@prehook=\toks14
\inpenc@posthook=\toks15

(/usr/share/texmf-texlive/tex/latex/base/latin1.def
File: latin1.def 2008/03/30 v1.1d Input encoding file
))
(/usr/share/texmf-texlive/tex/latex/base/fontenc.sty
Package: fontenc 2005/09/27 v1.99g Standard LaTeX package

(/usr/share/texmf-texlive/tex/latex/base/ot1enc.def
File: ot1enc.def 2005/09/27 v1.99g Standard LaTeX file
LaTeX Font Info:    Redeclaring font encoding OT1 on input line 43.
))
(/var/lib/texmf/tex/generic/babel/babel.sty
Package: babel 2008/07/06 v3.8l The Babel package

(/usr/share/texmf-texlive/tex/generic/babel/finnish.ldf
Language: finnish 2007/10/20 v1.3q Finnish support from the babel system

(/usr/share/texmf-texlive/tex/generic/babel/babel.def
File: babel.def 2008/07/06 v3.8l Babel common definitions
\babel@savecnt=\count88
\U@D=\dimen103
)
Package babel Info: Making " an active character on input line 89.
)
(/usr/share/texmf-texlive/tex/generic/babel/swedish.ldf
Language: swedish 2005/03/31 v2.3d Swedish support from the babel system
)
(/usr/share/texmf-texlive/tex/generic/babel/english.ldf
Language: english 2005/03/30 v3.3o English support from the babel system
\l@canadian = a dialect from \language\l@american 
\l@australian = a dialect from \language\l@british 
\l@newzealand = a dialect from \language\l@british 
))
(/usr/share/texmf-texlive/tex/latex/amscls/amsthm.sty
Package: amsthm 2004/08/06 v2.20
\thm@style=\toks16
\thm@bodyfont=\toks17
\thm@headfont=\toks18
\thm@notefont=\toks19
\thm@headpunct=\toks20
\thm@preskip=\skip43
\thm@postskip=\skip44
\thm@headsep=\skip45
\dth@everypar=\toks21
)
(/usr/share/texmf-texlive/tex/latex/natbib/natbib.sty
Package: natbib 2009/07/16 8.31 (PWD, AO)
\bibhang=\skip46
\bibsep=\skip47
LaTeX Info: Redefining \cite on input line 694.
\c@NAT@ctr=\count89
)
(/usr/share/texmf-texlive/tex/latex/eurosym/eurosym.sty
Package: eurosym 1998/08/06 v1.1 European currency symbol ``Euro''
\@eurobox=\box26
)
(/usr/share/texmf-texlive/tex/latex/tools/verbatim.sty
Package: verbatim 2003/08/22 v1.5q LaTeX2e package for verbatim enhancements
\every@verbatim=\toks22
\verbatim@line=\toks23
\verbatim@in@stream=\read1
)
(/usr/share/texmf-texlive/tex/latex/tools/longtable.sty
Package: longtable 2004/02/01 v4.11 Multi-page Table package (DPC)
\LTleft=\skip48
\LTright=\skip49
\LTpre=\skip50
\LTpost=\skip51
\LTchunksize=\count90
\LTcapwidth=\dimen104
\LT@head=\box27
\LT@firsthead=\box28
\LT@foot=\box29
\LT@lastfoot=\box30
\LT@cols=\count91
\LT@rows=\count92
\c@LT@tables=\count93
\c@LT@chunks=\count94
\LT@p@ftn=\toks24
)
(/usr/share/texmf-texlive/tex/latex/subfigure/subfigure.sty
Package: subfigure 2002/03/15 v2.1.5 subfigure package
\subfigtopskip=\skip52
\subfigcapskip=\skip53
\subfigcaptopadj=\dimen105
\subfigbottomskip=\skip54
\subfigcapmargin=\dimen106
\subfiglabelskip=\skip55
\c@subfigure=\count95
\c@lofdepth=\count96
\c@subtable=\count97
\c@lotdepth=\count98

****************************************
* Local config file subfigure.cfg used *
****************************************
(/usr/share/texmf-texlive/tex/latex/subfigure/subfigure.cfg)
\subfig@top=\skip56
\subfig@bottom=\skip57
)
(/usr/share/texmf-texlive/tex/latex/titlesec/titlesec.sty
Package: titlesec 2007/08/12 v2.8 Sectioning titles
\ttl@box=\box31
\beforetitleunit=\skip58
\aftertitleunit=\skip59
\ttl@plus=\dimen107
\ttl@minus=\dimen108
\ttl@toksa=\toks25
\titlewidth=\dimen109
\titlewidthlast=\dimen110
\titlewidthfirst=\dimen111
)
(/usr/share/texmf/tex/latex/pgf/frontendlayer/tikz.sty
(/usr/share/texmf/tex/latex/pgf/basiclayer/pgf.sty
(/usr/share/texmf/tex/latex/pgf/utilities/pgfrcs.sty
(/usr/share/texmf/tex/generic/pgf/utilities/pgfutil-common.tex
\pgfutil@everybye=\toks26
)
(/usr/share/texmf/tex/generic/pgf/utilities/pgfutil-latex.def
\pgfutil@abb=\box32

(/usr/share/texmf-texlive/tex/latex/ms/everyshi.sty
Package: everyshi 2001/05/15 v3.00 EveryShipout Package (MS)
))
(/usr/share/texmf/tex/generic/pgf/utilities/pgfrcs.code.tex
Package: pgfrcs 2010/10/25 v2.10 (rcs-revision 1.24)
))
Package: pgf 2008/01/15 v2.10 (rcs-revision 1.12)

(/usr/share/texmf/tex/latex/pgf/basiclayer/pgfcore.sty
(/usr/share/texmf-texlive/tex/latex/graphics/graphicx.sty
Package: graphicx 1999/02/16 v1.0f Enhanced LaTeX Graphics (DPC,SPQR)

(/usr/share/texmf-texlive/tex/latex/graphics/keyval.sty
Package: keyval 1999/03/16 v1.13 key=value parser (DPC)
\KV@toks@=\toks27
)
(/usr/share/texmf-texlive/tex/latex/graphics/graphics.sty
Package: graphics 2009/02/05 v1.0o Standard LaTeX Graphics (DPC,SPQR)

(/usr/share/texmf-texlive/tex/latex/graphics/trig.sty
Package: trig 1999/03/16 v1.09 sin cos tan (DPC)
)
(/etc/texmf/tex/latex/config/graphics.cfg
File: graphics.cfg 2009/08/28 v1.8 graphics configuration of TeX Live
)
Package graphics Info: Driver file: pdftex.def on input line 91.

(/usr/share/texmf-texlive/tex/latex/pdftex-def/pdftex.def
File: pdftex.def 2010/03/12 v0.04p Graphics/color for pdfTeX
\Gread@gobject=\count99
))
\Gin@req@height=\dimen112
\Gin@req@width=\dimen113
)
(/usr/share/texmf/tex/latex/pgf/systemlayer/pgfsys.sty
(/usr/share/texmf/tex/generic/pgf/systemlayer/pgfsys.code.tex
Package: pgfsys 2010/06/30 v2.10 (rcs-revision 1.37)

(/usr/share/texmf/tex/generic/pgf/utilities/pgfkeys.code.tex
\pgfkeys@pathtoks=\toks28
\pgfkeys@temptoks=\toks29

(/usr/share/texmf/tex/generic/pgf/utilities/pgfkeysfiltered.code.tex
\pgfkeys@tmptoks=\toks30
))
\pgf@x=\dimen114
\pgf@y=\dimen115
\pgf@xa=\dimen116
\pgf@ya=\dimen117
\pgf@xb=\dimen118
\pgf@yb=\dimen119
\pgf@xc=\dimen120
\pgf@yc=\dimen121
\w@pgf@writea=\write3
\r@pgf@reada=\read2
\c@pgf@counta=\count100
\c@pgf@countb=\count101
\c@pgf@countc=\count102
\c@pgf@countd=\count103

(/usr/share/texmf/tex/generic/pgf/systemlayer/pgf.cfg
File: pgf.cfg 2008/05/14  (rcs-revision 1.7)
)
Package pgfsys Info: Driver file for pgf: pgfsys-pdftex.def on input line 900.

(/usr/share/texmf/tex/generic/pgf/systemlayer/pgfsys-pdftex.def
File: pgfsys-pdftex.def 2009/05/22  (rcs-revision 1.26)

(/usr/share/texmf/tex/generic/pgf/systemlayer/pgfsys-common-pdf.def
File: pgfsys-common-pdf.def 2008/05/19  (rcs-revision 1.10)
)))
(/usr/share/texmf/tex/generic/pgf/systemlayer/pgfsyssoftpath.code.tex
File: pgfsyssoftpath.code.tex 2008/07/18  (rcs-revision 1.7)
\pgfsyssoftpath@smallbuffer@items=\count104
\pgfsyssoftpath@bigbuffer@items=\count105
)
(/usr/share/texmf/tex/generic/pgf/systemlayer/pgfsysprotocol.code.tex
File: pgfsysprotocol.code.tex 2006/10/16  (rcs-revision 1.4)
))
(/usr/share/texmf/tex/latex/xcolor/xcolor.sty
Package: xcolor 2007/01/21 v2.11 LaTeX color extensions (UK)

(/etc/texmf/tex/latex/config/color.cfg
File: color.cfg 2007/01/18 v1.5 color configuration of teTeX/TeXLive
)
Package xcolor Info: Driver file: pdftex.def on input line 225.
Package xcolor Info: Model `cmy' substituted by `cmy0' on input line 1337.
Package xcolor Info: Model `hsb' substituted by `rgb' on input line 1341.
Package xcolor Info: Model `RGB' extended on input line 1353.
Package xcolor Info: Model `HTML' substituted by `rgb' on input line 1355.
Package xcolor Info: Model `Hsb' substituted by `hsb' on input line 1356.
Package xcolor Info: Model `tHsb' substituted by `hsb' on input line 1357.
Package xcolor Info: Model `HSB' substituted by `hsb' on input line 1358.
Package xcolor Info: Model `Gray' substituted by `gray' on input line 1359.
Package xcolor Info: Model `wave' substituted by `hsb' on input line 1360.
)
(/usr/share/texmf/tex/generic/pgf/basiclayer/pgfcore.code.tex
Package: pgfcore 2010/04/11 v2.10 (rcs-revision 1.7)

(/usr/share/texmf/tex/generic/pgf/math/pgfmath.code.tex
(/usr/share/texmf/tex/generic/pgf/math/pgfmathcalc.code.tex
(/usr/share/texmf/tex/generic/pgf/math/pgfmathutil.code.tex)
(/usr/share/texmf/tex/generic/pgf/math/pgfmathparser.code.tex
\pgfmath@dimen=\dimen122
\pgfmath@count=\count106
\pgfmath@box=\box33
\pgfmath@toks=\toks31
\pgfmath@stack@operand=\toks32
\pgfmath@stack@operation=\toks33
)
(/usr/share/texmf/tex/generic/pgf/math/pgfmathfunctions.code.tex
(/usr/share/texmf/tex/generic/pgf/math/pgfmathfunctions.basic.code.tex)
(/usr/share/texmf/tex/generic/pgf/math/pgfmathfunctions.trigonometric.code.tex)
(/usr/share/texmf/tex/generic/pgf/math/pgfmathfunctions.random.code.tex)
(/usr/share/texmf/tex/generic/pgf/math/pgfmathfunctions.comparison.code.tex)
(/usr/share/texmf/tex/generic/pgf/math/pgfmathfunctions.base.code.tex)
(/usr/share/texmf/tex/generic/pgf/math/pgfmathfunctions.round.code.tex)
(/usr/share/texmf/tex/generic/pgf/math/pgfmathfunctions.misc.code.tex)))
(/usr/share/texmf/tex/generic/pgf/math/pgfmathfloat.code.tex
\c@pgfmathroundto@lastzeros=\count107
))
(/usr/share/texmf/tex/generic/pgf/basiclayer/pgfcorepoints.code.tex
File: pgfcorepoints.code.tex 2010/04/09  (rcs-revision 1.20)
\pgf@picminx=\dimen123
\pgf@picmaxx=\dimen124
\pgf@picminy=\dimen125
\pgf@picmaxy=\dimen126
\pgf@pathminx=\dimen127
\pgf@pathmaxx=\dimen128
\pgf@pathminy=\dimen129
\pgf@pathmaxy=\dimen130
\pgf@xx=\dimen131
\pgf@xy=\dimen132
\pgf@yx=\dimen133
\pgf@yy=\dimen134
\pgf@zx=\dimen135
\pgf@zy=\dimen136
)
(/usr/share/texmf/tex/generic/pgf/basiclayer/pgfcorepathconstruct.code.tex
File: pgfcorepathconstruct.code.tex 2010/08/03  (rcs-revision 1.24)
\pgf@path@lastx=\dimen137
\pgf@path@lasty=\dimen138
)
(/usr/share/texmf/tex/generic/pgf/basiclayer/pgfcorepathusage.code.tex
File: pgfcorepathusage.code.tex 2008/04/22  (rcs-revision 1.12)
\pgf@shorten@end@additional=\dimen139
\pgf@shorten@start@additional=\dimen140
)
(/usr/share/texmf/tex/generic/pgf/basiclayer/pgfcorescopes.code.tex
File: pgfcorescopes.code.tex 2010/09/08  (rcs-revision 1.34)
\pgfpic=\box34
\pgf@hbox=\box35
\pgf@layerbox@main=\box36
\pgf@picture@serial@count=\count108
)
(/usr/share/texmf/tex/generic/pgf/basiclayer/pgfcoregraphicstate.code.tex
File: pgfcoregraphicstate.code.tex 2008/04/22  (rcs-revision 1.9)
\pgflinewidth=\dimen141
)
(/usr/share/texmf/tex/generic/pgf/basiclayer/pgfcoretransformations.code.tex
File: pgfcoretransformations.code.tex 2009/06/10  (rcs-revision 1.11)
\pgf@pt@x=\dimen142
\pgf@pt@y=\dimen143
\pgf@pt@temp=\dimen144
)
(/usr/share/texmf/tex/generic/pgf/basiclayer/pgfcorequick.code.tex
File: pgfcorequick.code.tex 2008/10/09  (rcs-revision 1.3)
)
(/usr/share/texmf/tex/generic/pgf/basiclayer/pgfcoreobjects.code.tex
File: pgfcoreobjects.code.tex 2006/10/11  (rcs-revision 1.2)
)
(/usr/share/texmf/tex/generic/pgf/basiclayer/pgfcorepathprocessing.code.tex
File: pgfcorepathprocessing.code.tex 2008/10/09  (rcs-revision 1.8)
)
(/usr/share/texmf/tex/generic/pgf/basiclayer/pgfcorearrows.code.tex
File: pgfcorearrows.code.tex 2008/04/23  (rcs-revision 1.11)
)
(/usr/share/texmf/tex/generic/pgf/basiclayer/pgfcoreshade.code.tex
File: pgfcoreshade.code.tex 2008/11/23  (rcs-revision 1.13)
\pgf@max=\dimen145
\pgf@sys@shading@range@num=\count109
)
(/usr/share/texmf/tex/generic/pgf/basiclayer/pgfcoreimage.code.tex
File: pgfcoreimage.code.tex 2010/03/25  (rcs-revision 1.16)

(/usr/share/texmf/tex/generic/pgf/basiclayer/pgfcoreexternal.code.tex
File: pgfcoreexternal.code.tex 2010/09/01  (rcs-revision 1.17)
\pgfexternal@startupbox=\box37
))
(/usr/share/texmf/tex/generic/pgf/basiclayer/pgfcorelayers.code.tex
File: pgfcorelayers.code.tex 2010/08/27  (rcs-revision 1.2)
)
(/usr/share/texmf/tex/generic/pgf/basiclayer/pgfcoretransparency.code.tex
File: pgfcoretransparency.code.tex 2008/01/17  (rcs-revision 1.2)
)
(/usr/share/texmf/tex/generic/pgf/basiclayer/pgfcorepatterns.code.tex
File: pgfcorepatterns.code.tex 2009/07/02  (rcs-revision 1.3)
)))
(/usr/share/texmf/tex/generic/pgf/modules/pgfmoduleshapes.code.tex
File: pgfmoduleshapes.code.tex 2010/09/09  (rcs-revision 1.13)
\pgfnodeparttextbox=\box38
)
(/usr/share/texmf/tex/generic/pgf/modules/pgfmoduleplot.code.tex
File: pgfmoduleplot.code.tex 2010/10/22  (rcs-revision 1.8)
)
(/usr/share/texmf/tex/latex/pgf/compatibility/pgfcomp-version-0-65.sty
Package: pgfcomp-version-0-65 2007/07/03 v2.10 (rcs-revision 1.7)
\pgf@nodesepstart=\dimen146
\pgf@nodesepend=\dimen147
)
(/usr/share/texmf/tex/latex/pgf/compatibility/pgfcomp-version-1-18.sty
Package: pgfcomp-version-1-18 2007/07/23 v2.10 (rcs-revision 1.1)
))
(/usr/share/texmf/tex/latex/pgf/utilities/pgffor.sty
(/usr/share/texmf/tex/latex/pgf/utilities/pgfkeys.sty
(/usr/share/texmf/tex/generic/pgf/utilities/pgfkeys.code.tex))
(/usr/share/texmf/tex/generic/pgf/utilities/pgffor.code.tex
Package: pgffor 2010/03/23 v2.10 (rcs-revision 1.18)
\pgffor@iter=\dimen148
\pgffor@skip=\dimen149
\pgffor@stack=\toks34
\pgffor@toks=\toks35
))
(/usr/share/texmf/tex/generic/pgf/frontendlayer/tikz/tikz.code.tex
Package: tikz 2010/10/13 v2.10 (rcs-revision 1.76)

(/usr/share/texmf/tex/generic/pgf/libraries/pgflibraryplothandlers.code.tex
File: pgflibraryplothandlers.code.tex 2010/05/31 v2.10 (rcs-revision 1.15)
\pgf@plot@mark@count=\count110
\pgfplotmarksize=\dimen150
)
\tikz@lastx=\dimen151
\tikz@lasty=\dimen152
\tikz@lastxsaved=\dimen153
\tikz@lastysaved=\dimen154
\tikzleveldistance=\dimen155
\tikzsiblingdistance=\dimen156
\tikz@figbox=\box39
\tikz@tempbox=\box40
\tikztreelevel=\count111
\tikznumberofchildren=\count112
\tikznumberofcurrentchild=\count113
\tikz@fig@count=\count114

(/usr/share/texmf/tex/generic/pgf/modules/pgfmodulematrix.code.tex
File: pgfmodulematrix.code.tex 2010/08/24  (rcs-revision 1.4)
\pgfmatrixcurrentrow=\count115
\pgfmatrixcurrentcolumn=\count116
\pgf@matrix@numberofcolumns=\count117
)
\tikz@expandcount=\count118

(/usr/share/texmf/tex/generic/pgf/frontendlayer/tikz/libraries/tikzlibrarytopat
hs.code.tex
File: tikzlibrarytopaths.code.tex 2008/06/17 v2.10 (rcs-revision 1.2)
)))
(/usr/share/texmf/tex/generic/pgf/frontendlayer/tikz/libraries/tikzlibraryposit
ioning.code.tex
File: tikzlibrarypositioning.code.tex 2008/10/06 v2.10 (rcs-revision 1.7)
)
(/usr/share/texmf/tex/generic/pgf/frontendlayer/tikz/libraries/tikzlibrarycalc.
code.tex
File: tikzlibrarycalc.code.tex 2009/09/04 v2.10 (rcs-revision 1.6)
)
(/usr/share/texmf/tex/generic/pgf/frontendlayer/tikz/libraries/tikzlibraryarrow
s.code.tex
File: tikzlibraryarrows.code.tex 2008/01/09 v2.10 (rcs-revision 1.1)

(/usr/share/texmf/tex/generic/pgf/libraries/pgflibraryarrows.code.tex
File: pgflibraryarrows.code.tex 2008/10/27 v2.10 (rcs-revision 1.9)
\arrowsize=\dimen157
))
(/usr/share/texmf/tex/generic/pgf/frontendlayer/tikz/libraries/tikzlibrarydecor
ations.pathmorphing.code.tex
(/usr/share/texmf/tex/generic/pgf/frontendlayer/tikz/libraries/tikzlibrarydecor
ations.code.tex
(/usr/share/texmf/tex/generic/pgf/modules/pgfmoduledecorations.code.tex
\pgfdecoratedcompleteddistance=\dimen158
\pgfdecoratedremainingdistance=\dimen159
\pgfdecoratedinputsegmentcompleteddistance=\dimen160
\pgfdecoratedinputsegmentremainingdistance=\dimen161
\pgf@decorate@distancetomove=\dimen162
\pgf@decorate@repeatstate=\count119
\pgfdecorationsegmentamplitude=\dimen163
\pgfdecorationsegmentlength=\dimen164
)
\tikz@lib@dec@box=\box41
)
(/usr/share/texmf/tex/generic/pgf/libraries/decorations/pgflibrarydecorations.p
athmorphing.code.tex))
(/usr/share/texmf/tex/generic/pgf/frontendlayer/tikz/libraries/tikzlibrarydecor
ations.markings.code.tex
(/usr/share/texmf/tex/generic/pgf/libraries/decorations/pgflibrarydecorations.m
arkings.code.tex))
(/usr/share/texmf/tex/generic/pgf/frontendlayer/tikz/libraries/tikzlibraryshape
s.code.tex
File: tikzlibraryshapes.code.tex 2008/01/09 v2.10 (rcs-revision 1.1)

(/usr/share/texmf/tex/generic/pgf/frontendlayer/tikz/libraries/tikzlibraryshape
s.geometric.code.tex
File: tikzlibraryshapes.geometric.code.tex 2008/01/09 v2.10 (rcs-revision 1.1)

(/usr/share/texmf/tex/generic/pgf/libraries/shapes/pgflibraryshapes.geometric.c
ode.tex
File: pgflibraryshapes.geometric.code.tex 2008/06/26 v2.10 (rcs-revision 1.1)
))
(/usr/share/texmf/tex/generic/pgf/frontendlayer/tikz/libraries/tikzlibraryshape
s.misc.code.tex
File: tikzlibraryshapes.misc.code.tex 2008/01/09 v2.10 (rcs-revision 1.1)

(/usr/share/texmf/tex/generic/pgf/libraries/shapes/pgflibraryshapes.misc.code.t
ex
File: pgflibraryshapes.misc.code.tex 2008/10/07 v2.10 (rcs-revision 1.3)
))
(/usr/share/texmf/tex/generic/pgf/frontendlayer/tikz/libraries/tikzlibraryshape
s.symbols.code.tex
File: tikzlibraryshapes.symbols.code.tex 2008/01/09 v2.10 (rcs-revision 1.1)

(/usr/share/texmf/tex/generic/pgf/libraries/shapes/pgflibraryshapes.symbols.cod
e.tex
File: pgflibraryshapes.symbols.code.tex 2009/10/27 v2.10 (rcs-revision 1.3)
))
(/usr/share/texmf/tex/generic/pgf/frontendlayer/tikz/libraries/tikzlibraryshape
s.arrows.code.tex
File: tikzlibraryshapes.arrows.code.tex 2008/01/09 v2.10 (rcs-revision 1.1)

(/usr/share/texmf/tex/generic/pgf/libraries/shapes/pgflibraryshapes.arrows.code
.tex
File: pgflibraryshapes.arrows.code.tex 2008/06/26 v2.10 (rcs-revision 1.1)
))
(/usr/share/texmf/tex/generic/pgf/frontendlayer/tikz/libraries/tikzlibraryshape
s.callouts.code.tex
(/usr/share/texmf/tex/generic/pgf/libraries/shapes/pgflibraryshapes.callouts.co
de.tex))
(/usr/share/texmf/tex/generic/pgf/frontendlayer/tikz/libraries/tikzlibraryshape
s.multipart.code.tex
File: tikzlibraryshapes.multipart.code.tex 2008/01/09 v2.10 (rcs-revision 1.1)

(/usr/share/texmf/tex/generic/pgf/libraries/shapes/pgflibraryshapes.multipart.c
ode.tex
File: pgflibraryshapes.multipart.code.tex 2010/01/07 v2.10 (rcs-revision 1.2)
\pgfnodepartlowerbox=\box42
\pgfnodeparttwobox=\box43
\pgfnodepartthreebox=\box44
\pgfnodepartfourbox=\box45
\pgfnodeparttwentybox=\box46
\pgfnodepartnineteenbox=\box47
\pgfnodeparteighteenbox=\box48
\pgfnodepartseventeenbox=\box49
\pgfnodepartsixteenbox=\box50
\pgfnodepartfifteenbox=\box51
\pgfnodepartfourteenbox=\box52
\pgfnodepartthirteenbox=\box53
\pgfnodeparttwelvebox=\box54
\pgfnodepartelevenbox=\box55
\pgfnodeparttenbox=\box56
\pgfnodepartninebox=\box57
\pgfnodeparteightbox=\box58
\pgfnodepartsevenbox=\box59
\pgfnodepartsixbox=\box60
\pgfnodepartfivebox=\box61
)))
(/usr/share/texmf/tex/generic/pgf/frontendlayer/tikz/libraries/tikzlibrarypatte
rns.code.tex
File: tikzlibrarypatterns.code.tex 2008/01/15 v2.10 (rcs-revision 1.2)

(/usr/share/texmf/tex/generic/pgf/libraries/pgflibrarypatterns.code.tex
File: pgflibrarypatterns.code.tex 2008/03/03 v2.10 (rcs-revision 1.13)
))
(./aalto-thesis.sty
Package: aalto-thesis 2011/02/25 v1.1 Aalto Thesis style
 (/usr/share/texmf-texlive/tex/latex/ltxmisc/url.sty
\Urlmuskip=\muskip10
Package: url 2006/04/12  ver 3.3  Verb mode for urls, etc.
)
(/usr/share/texmf-texlive/tex/latex/multirow/multirow.sty
\bigstrutjot=\dimen165
)
(/usr/share/texmf-texlive/tex/latex/tools/tabularx.sty
Package: tabularx 1999/01/07 v2.07 `tabularx' package (DPC)

(/usr/share/texmf-texlive/tex/latex/tools/array.sty
Package: array 2008/09/09 v2.4c Tabular extension package (FMi)
\col@sep=\dimen166
\extrarowheight=\dimen167
\NC@list=\toks36
\extratabsurround=\skip60
\backup@length=\skip61
)
\TX@col@width=\dimen168
\TX@old@table=\dimen169
\TX@old@col=\dimen170
\TX@target=\dimen171
\TX@delta=\dimen172
\TX@cols=\count120
\TX@ftn=\toks37
)
(/usr/share/texmf-texlive/tex/latex/amsmath/amsmath.sty
Package: amsmath 2000/07/18 v2.13 AMS math features
\@mathmargin=\skip62

For additional information on amsmath, use the `?' option.
(/usr/share/texmf-texlive/tex/latex/amsmath/amstext.sty
Package: amstext 2000/06/29 v2.01

(/usr/share/texmf-texlive/tex/latex/amsmath/amsgen.sty
File: amsgen.sty 1999/11/30 v2.0
\@emptytoks=\toks38
\ex@=\dimen173
))
(/usr/share/texmf-texlive/tex/latex/amsmath/amsbsy.sty
Package: amsbsy 1999/11/29 v1.2d
\pmbraise@=\dimen174
)
(/usr/share/texmf-texlive/tex/latex/amsmath/amsopn.sty
Package: amsopn 1999/12/14 v2.01 operator names
)
\inf@bad=\count121
LaTeX Info: Redefining \frac on input line 211.
\uproot@=\count122
\leftroot@=\count123
LaTeX Info: Redefining \overline on input line 307.
\classnum@=\count124
\DOTSCASE@=\count125
LaTeX Info: Redefining \ldots on input line 379.
LaTeX Info: Redefining \dots on input line 382.
LaTeX Info: Redefining \cdots on input line 467.
\Mathstrutbox@=\box62
\strutbox@=\box63
\big@size=\dimen175
LaTeX Font Info:    Redeclaring font encoding OML on input line 567.
LaTeX Font Info:    Redeclaring font encoding OMS on input line 568.
\macc@depth=\count126
\c@MaxMatrixCols=\count127
\dotsspace@=\muskip11
\c@parentequation=\count128
\dspbrk@lvl=\count129
\tag@help=\toks39
\row@=\count130
\column@=\count131
\maxfields@=\count132
\andhelp@=\toks40
\eqnshift@=\dimen176
\alignsep@=\dimen177
\tagshift@=\dimen178
\tagwidth@=\dimen179
\totwidth@=\dimen180
\lineht@=\dimen181
\@envbody=\toks41
\multlinegap=\skip63
\multlinetaggap=\skip64
\mathdisplay@stack=\toks42
LaTeX Info: Redefining \[ on input line 2666.
LaTeX Info: Redefining \] on input line 2667.
)
(/usr/share/texmf-texlive/tex/latex/lastpage/lastpage.sty
Package: lastpage 1994/06/25 v0.1b LaTeX2e package for refs to last page number
 (JPG)
)
(/usr/share/texmf-texlive/tex/latex/etoolbox/etoolbox.sty
Package: etoolbox 2009/08/06 v1.8 e-TeX tools for LaTeX

(/usr/share/texmf-texlive/tex/latex/etex-pkg/etex.sty
Package: etex 1998/03/26 v2.0 eTeX basic definition package (PEB)
\et@xins=\count133
))
(/usr/share/texmf-texlive/tex/latex/base/ifthen.sty
Package: ifthen 2001/05/26 v1.1c Standard LaTeX ifthen package (DPC)
)
(/usr/share/texmf-texlive/tex/latex/textpos/textpos.sty
Package: textpos 2009/05/28 v1.7f

Package: `textpos' 1.7f <2009 May 28>
\TP@textbox=\box64
\TP@holdbox=\box65
\TPHorizModule=\dimen182
\TPVertModule=\dimen183
\TP@margin=\dimen184
\TP@absmargin=\dimen185
Grid set 16 x 16 = 37.34424pt x 52.81541pt
\TPboxrulesize=\dimen186
\TP@ox=\dimen187
\TP@oy=\dimen188
\TP@tbargs=\toks43
\TP@prevdepth=\dimen189
TextBlockOrigin set to 0pt x 0pt
)) (/usr/share/texmf-texlive/tex/latex/hyperref/hyperref.sty
Package: hyperref 2009/10/09 v6.79a Hypertext links for LaTeX

(/usr/share/texmf-texlive/tex/generic/oberdiek/ifpdf.sty
Package: ifpdf 2009/04/10 v2.0 Provides the ifpdf switch (HO)
Package ifpdf Info: pdfTeX in pdf mode detected.
)
(/usr/share/texmf-texlive/tex/generic/oberdiek/ifvtex.sty
Package: ifvtex 2008/11/04 v1.4 Switches for detecting VTeX and its modes (HO)
Package ifvtex Info: VTeX not detected.
)
(/usr/share/texmf-texlive/tex/generic/ifxetex/ifxetex.sty
Package: ifxetex 2009/01/23 v0.5 Provides ifxetex conditional
)
(/usr/share/texmf-texlive/tex/latex/oberdiek/hycolor.sty
Package: hycolor 2009/10/02 v1.5 Code for color options of hyperref/bookmark (H
O)

(/usr/share/texmf-texlive/tex/latex/oberdiek/xcolor-patch.sty
Package: xcolor-patch 2009/10/02 xcolor patch
))
\@linkdim=\dimen190
\Hy@linkcounter=\count134
\Hy@pagecounter=\count135

(/usr/share/texmf-texlive/tex/latex/hyperref/pd1enc.def
File: pd1enc.def 2009/10/09 v6.79a Hyperref: PDFDocEncoding definition (HO)
)
(/usr/share/texmf-texlive/tex/generic/oberdiek/etexcmds.sty
Package: etexcmds 2007/12/12 v1.2 Prefix for e-TeX command names (HO)

(/usr/share/texmf-texlive/tex/generic/oberdiek/infwarerr.sty
Package: infwarerr 2007/09/09 v1.2 Providing info/warning/message (HO)
)
Package etexcmds Info: Could not find \expanded.
(etexcmds)             That can mean that you are not using pdfTeX 1.50 or
(etexcmds)             that some package has redefined \expanded.
(etexcmds)             In the latter case, load this package earlier.
)
(/usr/share/texmf-texlive/tex/latex/latexconfig/hyperref.cfg
File: hyperref.cfg 2002/06/06 v1.2 hyperref configuration of TeXLive
)
(/usr/share/texmf-texlive/tex/latex/oberdiek/kvoptions.sty
Package: kvoptions 2009/08/13 v3.4 Keyval support for LaTeX options (HO)

(/usr/share/texmf-texlive/tex/generic/oberdiek/kvsetkeys.sty
Package: kvsetkeys 2009/07/30 v1.5 Key value parser with default handler suppor
t (HO)
))
Package hyperref Info: Hyper figures OFF on input line 2975.
Package hyperref Info: Link nesting OFF on input line 2980.
Package hyperref Info: Hyper index ON on input line 2983.
Package hyperref Info: Plain pages OFF on input line 2990.
Package hyperref Info: Backreferencing OFF on input line 2995.

Implicit mode ON; LaTeX internals redefined
Package hyperref Info: Bookmarks ON on input line 3191.
LaTeX Info: Redefining \url on input line 3428.
(/usr/share/texmf-texlive/tex/generic/oberdiek/bitset.sty
Package: bitset 2007/09/28 v1.0 Data type bit set (HO)

(/usr/share/texmf-texlive/tex/generic/oberdiek/intcalc.sty
Package: intcalc 2007/09/27 v1.1 Expandable integer calculations (HO)
)
(/usr/share/texmf-texlive/tex/generic/oberdiek/bigintcalc.sty
Package: bigintcalc 2007/11/11 v1.1 Expandable big integer calculations (HO)

(/usr/share/texmf-texlive/tex/generic/oberdiek/pdftexcmds.sty
Package: pdftexcmds 2009/09/23 v0.6 LuaTeX support for pdfTeX utility functions
 (HO)

(/usr/share/texmf-texlive/tex/generic/oberdiek/ifluatex.sty
Package: ifluatex 2009/04/17 v1.2 Provides the ifluatex switch (HO)
Package ifluatex Info: LuaTeX not detected.
)
(/usr/share/texmf-texlive/tex/generic/oberdiek/ltxcmds.sty
Package: ltxcmds 2009/08/05 v1.0 Some LaTeX kernel commands for general use (HO
)
)
Package pdftexcmds Info: LuaTeX not detected.
Package pdftexcmds Info: \pdf@primitive is available.
Package pdftexcmds Info: \pdf@ifprimitive is available.
)))
\Fld@menulength=\count136
\Field@Width=\dimen191
\Fld@charsize=\dimen192
\Field@toks=\toks44
Package hyperref Info: Hyper figures OFF on input line 4377.
Package hyperref Info: Link nesting OFF on input line 4382.
Package hyperref Info: Hyper index ON on input line 4385.
Package hyperref Info: backreferencing OFF on input line 4392.
Package hyperref Info: Link coloring OFF on input line 4397.
Package hyperref Info: Link coloring with OCG OFF on input line 4402.
Package hyperref Info: PDF/A mode OFF on input line 4407.

(/usr/share/texmf-texlive/tex/generic/oberdiek/atbegshi.sty
Package: atbegshi 2008/07/31 v1.9 At begin shipout hook (HO)
)
\Hy@abspage=\count137
\c@Item=\count138
)
*hyperref using driver hpdftex*
(/usr/share/texmf-texlive/tex/latex/hyperref/hpdftex.def
File: hpdftex.def 2009/10/09 v6.79a Hyperref driver for pdfTeX
\Fld@listcount=\count139
)
Package hyperref Info: Option `colorlinks' set `false' on input line 237.
Package hyperref Info: Option `raiselinks' set `false' on input line 237.
Package hyperref Info: Option `breaklinks' set `true' on input line 237.
Package hyperref Info: Option `bookmarksnumbered' set `true' on input line 239.

Package hyperref Info: Option `bookmarksopen' set `true' on input line 242.


Package hyperref Warning: Token not allowed in a PDF string (PDFDocEncoding):
(hyperref)                removing `\\' on input line 336.


Package hyperref Warning: Token not allowed in a PDF string (PDFDocEncoding):
(hyperref)                removing `\\' on input line 336.

\c@defn=\count140
(/usr/share/texmf-texlive/tex/latex/caption/caption.sty
Package: caption 2009/10/09 v3.1k Customizing captions (AR)

(/usr/share/texmf-texlive/tex/latex/caption/caption3.sty
Package: caption3 2009/10/09 v3.1k caption3 kernel (AR)
\captionmargin=\dimen193
\captionmargin@=\dimen194
\captionwidth=\dimen195
\caption@indent=\dimen196
\caption@parindent=\dimen197
\caption@hangindent=\dimen198
)
\c@ContinuedFloat=\count141
Package caption Info: hyperref package is loaded.
Package caption Info: longtable package is loaded.

(/usr/share/texmf-texlive/tex/latex/caption/ltcaption.sty
Package: ltcaption 2008/03/28 v1.2 longtable captions (AR)
)
Package caption Info: subfigure package is loaded.
)
(/usr/share/texmf-texlive/tex/latex/caption/subcaption.sty
Package: subcaption 2008/08/31 v1.0b Adding subcaptions (AR)
LaTeX Info: Redefining \subref on input line 127.
)
(/usr/share/texmf-texlive/tex/latex/amsfonts/amsfonts.sty
Package: amsfonts 2009/06/22 v3.00 Basic AMSFonts support
\symAMSa=\mathgroup4
\symAMSb=\mathgroup5
LaTeX Font Info:    Overwriting math alphabet `\mathfrak' in version `bold'
(Font)                  U/euf/m/n --> U/euf/b/n on input line 96.
)
(/usr/share/texmf-texlive/tex/latex/algorithmicx/algpseudocode.sty
Package: algpseudocode 

(/usr/share/texmf-texlive/tex/latex/algorithmicx/algorithmicx.sty
Package: algorithmicx 2005/04/27 v1.2 Algorithmicx

Document Style algorithmicx 1.2 - a greatly improved `algorithmic' style
\c@ALG@line=\count142
\c@ALG@rem=\count143
\c@ALG@nested=\count144
\ALG@tlm=\skip65
\ALG@thistlm=\skip66
\c@ALG@Lnr=\count145
\c@ALG@blocknr=\count146
\c@ALG@storecount=\count147
\c@ALG@tmpcounter=\count148
\ALG@tmplength=\skip67
)
Document Style - pseudocode environments for use with the `algorithmicx' style
) (/usr/share/texmf-texlive/tex/latex/algorithms/algorithm.sty
Package: algorithm 2009/08/24 v0.1 Document Style `algorithm' - floating enviro
nment

(/usr/share/texmf-texlive/tex/latex/float/float.sty
Package: float 2001/11/08 v1.3d Float enhancements (AL)
\c@float@type=\count149
\float@exts=\toks45
\float@box=\box66
\@float@everytoks=\toks46
\@floatcapt=\box67
)
\@float@every@algorithm=\toks47
\c@algorithm=\count150
)
(/usr/share/texmf-texlive/tex/latex/tools/xr.sty
Package: xr 1994/05/28 v5.02 eXternal References (DPC)
)
\c@exmp=\count151
\c@hyp=\count152
\c@theorem=\count153
\c@corollary=\count154
 (./thesis-example.aux

LaTeX Warning: Label `eqn:chi_square_central_mean' multiply defined.


LaTeX Warning: Label `fig:single_tau' multiply defined.


LaTeX Warning: Label `fig:cryptosystem' multiply defined.


LaTeX Warning: Label `fig:cryptosystem' multiply defined.


LaTeX Warning: Label `fig:cryptosystem' multiply defined.


LaTeX Warning: Label `fig:T_a_phi_variable_a_varible_phi_variable_size_03rounds
' multiply defined.

)
\openout1 = `thesis-example.aux'.

LaTeX Font Info:    Checking defaults for OML/cmm/m/it on input line 423.
LaTeX Font Info:    ... okay on input line 423.
LaTeX Font Info:    Checking defaults for T1/cmr/m/n on input line 423.
LaTeX Font Info:    ... okay on input line 423.
LaTeX Font Info:    Checking defaults for OT1/cmr/m/n on input line 423.
LaTeX Font Info:    ... okay on input line 423.
LaTeX Font Info:    Checking defaults for OMS/cmsy/m/n on input line 423.
LaTeX Font Info:    ... okay on input line 423.
LaTeX Font Info:    Checking defaults for OMX/cmex/m/n on input line 423.
LaTeX Font Info:    ... okay on input line 423.
LaTeX Font Info:    Checking defaults for U/cmr/m/n on input line 423.
LaTeX Font Info:    ... okay on input line 423.
LaTeX Font Info:    Checking defaults for PD1/pdf/m/n on input line 423.
LaTeX Font Info:    ... okay on input line 423.
 ABD: EveryShipout initializing macros
(/usr/share/texmf-texlive/tex/context/base/supp-pdf.mkii
[Loading MPS to PDF converter (version 2006.09.02).]
\scratchcounter=\count155
\scratchdimen=\dimen199
\scratchbox=\box68
\nofMPsegments=\count156
\nofMParguments=\count157
\everyMPshowfont=\toks48
\MPscratchCnt=\count158
\MPscratchDim=\dimen200
\MPnumerator=\count159
\everyMPtoPDFconversion=\toks49
)
Package hyperref Info: Link coloring OFF on input line 423.
 (/usr/share/texmf-texlive/tex/latex/hyperref/nameref.sty
Package: nameref 2007/05/29 v2.31 Cross-referencing by name of section

(/usr/share/texmf-texlive/tex/latex/oberdiek/refcount.sty
Package: refcount 2008/08/11 v3.1 Data extraction from references (HO)
)
\c@section@level=\count160
)
LaTeX Info: Redefining \ref on input line 423.
LaTeX Info: Redefining \pageref on input line 423.

(./thesis-example.out) (./thesis-example.out)
\@outlinefile=\write4
\openout4 = `thesis-example.out'.

\AtBeginShipoutBox=\box69
Package caption Info: Begin \AtBeginDocument code.
Package caption Info: float package is loaded.
Package caption Info: End \AtBeginDocument code.

Underfull \hbox (badness 10000) in paragraph at lines 435--435

 []

LaTeX Font Info:    Try loading font information for U+msa on input line 435.
(/usr/share/texmf-texlive/tex/latex/amsfonts/umsa.fd
File: umsa.fd 2009/06/22 v3.00 AMS symbols A
)
LaTeX Font Info:    Try loading font information for U+msb on input line 435.

(/usr/share/texmf-texlive/tex/latex/amsfonts/umsb.fd
File: umsb.fd 2009/06/22 v3.00 AMS symbols B
) [1

{/var/lib/texmf/fonts/map/pdftex/updmap/pdftex.map}]
<images/aalto-logo-en.pdf, id=198, 302.3837pt x 132.96776pt>
File: images/aalto-logo-en.pdf Graphic file (type pdf)

<use images/aalto-logo-en.pdf>
Underfull \hbox (badness 10000) in paragraph at lines 472--472

 []


Underfull \hbox (badness 10000) in paragraph at lines 472--472

 []

[2 <./images/aalto-logo-en.pdf>] [3

] (./acronyms.tex) [4


] (./thesis-example.toc [5


])
\tf@toc=\write5
\openout5 = `thesis-example.toc'.

 [6] (./1introduction.tex
Chapter 1.
[7


] [8]) (./2background.tex [9]
Chapter 2.


pdfTeX warning: pdflatex (file ./images/Cryptosystem.pdf): PDF inclusion: found
 PDF version <1.5>, but at most version <1.4> allowed
<images/Cryptosystem.pdf, id=312, 844.65562pt x 596.98032pt>
File: images/Cryptosystem.pdf Graphic file (type pdf)

<use images/Cryptosystem.pdf>

LaTeX Warning: `!h' float specifier changed to `!ht'.



pdfTeX warning: pdflatex (file ./images/SymmetricKeyEncryption.pdf): PDF inclus
ion: found PDF version <1.5>, but at most version <1.4> allowed
<images/SymmetricKeyEncryption.pdf, id=317, 844.65562pt x 596.98032pt>
File: images/SymmetricKeyEncryption.pdf Graphic file (type pdf)

<use images/SymmetricKeyEncryption.pdf>

pdfTeX warning: pdflatex (file ./images/PublicKeyEncryption.pdf): PDF inclusion
: found PDF version <1.5>, but at most version <1.4> allowed
<images/PublicKeyEncryption.pdf, id=319, 844.65562pt x 596.98032pt>
File: images/PublicKeyEncryption.pdf Graphic file (type pdf)

<use images/PublicKeyEncryption.pdf> [10

]

LaTeX Warning: `!h' float specifier changed to `!ht'.

[11 <./images/Cryptosystem.pdf> <./images/SymmetricKeyEncryption.pdf>]

pdfTeX warning: pdflatex (file ./images/BlockCipher.pdf): PDF inclusion: found 
PDF version <1.5>, but at most version <1.4> allowed
<images/BlockCipher.pdf, id=383, 844.65562pt x 596.98032pt>
File: images/BlockCipher.pdf Graphic file (type pdf)

<use images/BlockCipher.pdf>

LaTeX Warning: `!h' float specifier changed to `!ht'.

Package hyperref Info: bookmark level for unknown algorithm defaults to 0 on in
put line 47.
[12 <./images/PublicKeyEncryption.pdf>] [13 <./images/BlockCipher.pdf>]
Overfull \hbox (1.43822pt too wide) in paragraph at lines 73--74
[][]\OT1/cmr/bx/n/12 Definition 2.2.1. []\OT1/cmr/m/it/12 ([[]]) Let $\OML/cmm/
m/it/12 a; m$ \OT1/cmr/m/it/12 and $\OML/cmm/m/it/12 N[]$ \OT1/cmr/m/it/12 be p
os-i-tive in-te-gers, let $\OML/cmm/m/it/12 ^^Y[] \OT1/cmr/m/n/12 : [][] \OMS/c
msy/m/n/12 !
 []

[14]

pdfTeX warning: pdflatex (file ./images/SPNDiagram.pdf): PDF inclusion: found P
DF version <1.5>, but at most version <1.4> allowed
<images/SPNDiagram.pdf, id=503, 844.65562pt x 1137.4997pt>
File: images/SPNDiagram.pdf Graphic file (type pdf)

<use images/SPNDiagram.pdf>

LaTeX Warning: `!h' float specifier changed to `!ht'.

[15] [16 <./images/SPNDiagram.pdf>] [17]
<images/presentCipherAlgorithm.png, id=619, 553.06625pt x 245.91875pt>
File: images/presentCipherAlgorithm.png Graphic file (type png)

<use images/presentCipherAlgorithm.png>
<images/presentCipherSPNetwork.png, id=625, 701.62125pt x 318.18875pt>
File: images/presentCipherSPNetwork.png Graphic file (type png)

<use images/presentCipherSPNetwork.png>

LaTeX Warning: `!h' float specifier changed to `!ht'.


LaTeX Warning: `!h' float specifier changed to `!ht'.

[18] [19 <./images/presentCipherAlgorithm.png (PNG copy)> <./images/presentCiph
erSPNetwork.png (PNG copy)>]
<images/presentCipherPoorDiffusionweakness.png, id=643, 591.20876pt x 206.7725p
t>
File: images/presentCipherPoorDiffusionweakness.png Graphic file (type png)
 <use images/presentCipherPoorDiffusionweakness.png> [20 <./images/presentCiphe
rPoorDiffusionweakness.png (PNG copy)>]
Underfull \hbox (badness 2435) in paragraph at lines 223--224
[]\OT1/cmr/m/n/12 In-put: $8$-bit sub-key guess $\OML/cmm/m/it/12 sk$ \OT1/cmr/
m/n/12 and the $8$-bit in-put dis-tri-bu-tion
 []

[21] [22] [23] <images/GammaDistribution.pdf, id=670, 614.295pt x 794.97pt>
File: images/GammaDistribution.pdf Graphic file (type pdf)

<use images/GammaDistribution.pdf>

LaTeX Warning: `!h' float specifier changed to `!ht'.

[24]

Package hyperref Warning: Token not allowed in a PDF string (PDFDocEncoding):
(hyperref)                removing `math shift' on input line 278.


Package hyperref Warning: Token not allowed in a PDF string (PDFDocEncoding):
(hyperref)                removing `\chi' on input line 278.


Package hyperref Warning: Token not allowed in a PDF string (PDFDocEncoding):
(hyperref)                removing `superscript' on input line 278.


Package hyperref Warning: Token not allowed in a PDF string (PDFDocEncoding):
(hyperref)                removing `math shift' on input line 278.

[25 <./images/GammaDistribution.pdf>]
<images/ChiSquareDistribution.pdf, id=706, 614.295pt x 794.97pt>
File: images/ChiSquareDistribution.pdf Graphic file (type pdf)

<use images/ChiSquareDistribution.pdf>
Underfull \hbox (badness 10000) in paragraph at lines 284--294

 []


LaTeX Warning: `!h' float specifier changed to `!ht'.

[26]

Package hyperref Warning: Token not allowed in a PDF string (PDFDocEncoding):
(hyperref)                removing `math shift' on input line 323.


Package hyperref Warning: Token not allowed in a PDF string (PDFDocEncoding):
(hyperref)                removing `\chi' on input line 323.


Package hyperref Warning: Token not allowed in a PDF string (PDFDocEncoding):
(hyperref)                removing `superscript' on input line 323.


Package hyperref Warning: Token not allowed in a PDF string (PDFDocEncoding):
(hyperref)                removing `math shift' on input line 323.


Package hyperref Warning: Token not allowed in a PDF string (PDFDocEncoding):
(hyperref)                removing `math shift' on input line 323.


Package hyperref Warning: Token not allowed in a PDF string (PDFDocEncoding):
(hyperref)                removing `\Gamma' on input line 323.


Package hyperref Warning: Token not allowed in a PDF string (PDFDocEncoding):
(hyperref)                removing `math shift' on input line 323.

[27 <./images/ChiSquareDistribution.pdf>]

Package amsmath Warning: Foreign command \atopwithdelims;
(amsmath)                \frac or \genfrac should be used instead
(amsmath)                 on input line 331.

[28]

Package hyperref Warning: Empty destination name,
(hyperref)                using `UNDEFINED' on input line 370.


Package hyperref Warning: Empty destination name,
(hyperref)                using `UNDEFINED' on input line 374.

[29]

Package hyperref Warning: Empty destination name,
(hyperref)                using `UNDEFINED' on input line 378.


Package hyperref Warning: Empty destination name,
(hyperref)                using `UNDEFINED' on input line 382.

[30] [31] [32]
<images/feasible_range_of_tau.pdf, id=791, 587.19376pt x 442.65375pt>
File: images/feasible_range_of_tau.pdf Graphic file (type pdf)

<use images/feasible_range_of_tau.pdf>
<images/single_tau.pdf, id=793, 587.19376pt x 442.65375pt>
File: images/single_tau.pdf Graphic file (type pdf)

<use images/single_tau.pdf>
<images/single_tau_as_the_distributions_distinguishes.pdf, id=795, 587.19376pt 
x 442.65375pt>
File: images/single_tau_as_the_distributions_distinguishes.pdf Graphic file (ty
pe pdf)
 <use images/single_tau_as_the_distributions_distinguishes.pdf>

LaTeX Warning: `!h' float specifier changed to `!ht'.

) (./3derivations.tex [33 <./images/feasible_range_of_tau.pdf> <./images/single
_tau.pdf>] [34 <./images/single_tau_as_the_distributions_distinguishes.pdf>]
Chapter 3.
[35

] [36] [37] [38]
Overfull \hbox (87.62825pt too wide) in alignment at lines 103--108
 [][][] []
 []


Overfull \hbox (132.27281pt too wide) in alignment at lines 110--112
 [][][] []
 []


Overfull \hbox (6.03358pt too wide) in alignment at lines 118--128
 [][][] []
 []

[39] [40]
Overfull \hbox (3.13625pt too wide) in alignment at lines 162--170
 [][][] []
 []

[41] [42] [43] [44] [45]
Overfull \hbox (6.47421pt too wide) in alignment at lines 273--281
 [][][] []
 []


Overfull \hbox (16.42343pt too wide) in alignment at lines 283--292
 [][][] []
 []

[46] [47] [48] [49] [50] [51]

LaTeX Warning: Reference `thm variable fixation' on page 52 undefined on input 
line 453.

) (./4experiment.tex [52]
Chapter 4.

Overfull \hbox (6.15337pt too wide) in paragraph at lines 22--58
[][] 
 []

[53

] [54]

Package hyperref Warning: Token not allowed in a PDF string (PDFDocEncoding):
(hyperref)                removing `math shift' on input line 68.


Package hyperref Warning: Token not allowed in a PDF string (PDFDocEncoding):
(hyperref)                removing `\sigma' on input line 68.


Package hyperref Warning: Token not allowed in a PDF string (PDFDocEncoding):
(hyperref)                removing `superscript' on input line 68.


Package hyperref Warning: Token not allowed in a PDF string (PDFDocEncoding):
(hyperref)                removing `subscript' on input line 68.


Package hyperref Warning: Token not allowed in a PDF string (PDFDocEncoding):
(hyperref)                removing `math shift' on input line 68.


Package hyperref Warning: Token not allowed in a PDF string (PDFDocEncoding):
(hyperref)                removing `math shift' on input line 68.


Package hyperref Warning: Token not allowed in a PDF string (PDFDocEncoding):
(hyperref)                removing `\sigma' on input line 68.


Package hyperref Warning: Token not allowed in a PDF string (PDFDocEncoding):
(hyperref)                removing `superscript' on input line 68.


Package hyperref Warning: Token not allowed in a PDF string (PDFDocEncoding):
(hyperref)                removing `subscript' on input line 68.


Package hyperref Warning: Token not allowed in a PDF string (PDFDocEncoding):
(hyperref)                removing `subscript' on input line 68.


Package hyperref Warning: Token not allowed in a PDF string (PDFDocEncoding):
(hyperref)                removing `\eta' on input line 68.


Package hyperref Warning: Token not allowed in a PDF string (PDFDocEncoding):
(hyperref)                removing `math shift' on input line 68.


Package hyperref Warning: Token not allowed in a PDF string (PDFDocEncoding):
(hyperref)                removing `math shift' on input line 68.


Package hyperref Warning: Token not allowed in a PDF string (PDFDocEncoding):
(hyperref)                removing `\eta' on input line 68.


Package hyperref Warning: Token not allowed in a PDF string (PDFDocEncoding):
(hyperref)                removing `math shift' on input line 68.


Overfull \hbox (40.2823pt too wide) in paragraph at lines 69--105
[] 
 []

[55]

Package hyperref Warning: Token not allowed in a PDF string (PDFDocEncoding):
(hyperref)                removing `math shift' on input line 208.


Package hyperref Warning: Token not allowed in a PDF string (PDFDocEncoding):
(hyperref)                removing `\phi' on input line 208.


Package hyperref Warning: Token not allowed in a PDF string (PDFDocEncoding):
(hyperref)                removing `math shift' on input line 208.

[56]
Overfull \hbox (71.20851pt too wide) in paragraph at lines 212--248
[][] 
 []


Package hyperref Warning: Token not allowed in a PDF string (PDFDocEncoding):
(hyperref)                removing `math shift' on input line 249.


Package hyperref Warning: Token not allowed in a PDF string (PDFDocEncoding):
(hyperref)                removing `subscript' on input line 249.


Package hyperref Warning: Token not allowed in a PDF string (PDFDocEncoding):
(hyperref)                removing `\left' on input line 249.


Package hyperref Warning: Token not allowed in a PDF string (PDFDocEncoding):
(hyperref)                removing `\phi' on input line 249.


Package hyperref Warning: Token not allowed in a PDF string (PDFDocEncoding):
(hyperref)                removing `\right' on input line 249.


Package hyperref Warning: Token not allowed in a PDF string (PDFDocEncoding):
(hyperref)                removing `math shift' on input line 249.

[57]
Overfull \hbox (23.7215pt too wide) in paragraph at lines 251--272
[] 
 []


Package hyperref Warning: Token not allowed in a PDF string (PDFDocEncoding):
(hyperref)                removing `math shift' on input line 273.


Package hyperref Warning: Token not allowed in a PDF string (PDFDocEncoding):
(hyperref)                removing `subscript' on input line 273.


Package hyperref Warning: Token not allowed in a PDF string (PDFDocEncoding):
(hyperref)                removing `\phi' on input line 273.


Package hyperref Warning: Token not allowed in a PDF string (PDFDocEncoding):
(hyperref)                removing `math shift' on input line 273.


Package hyperref Warning: Token not allowed in a PDF string (PDFDocEncoding):
(hyperref)                removing `math shift' on input line 273.


Package hyperref Warning: Token not allowed in a PDF string (PDFDocEncoding):
(hyperref)                removing `math shift' on input line 273.


<images/T_fixed_a_with_value_0_and_variable_phi_size_2048_with_10000_samples.pd
f, id=1089, 587.19376pt x 442.65375pt>
File: images/T_fixed_a_with_value_0_and_variable_phi_size_2048_with_10000_sampl
es.pdf Graphic file (type pdf)

<use images/T_fixed_a_with_value_0_and_variable_phi_size_2048_with_10000_sample
s.pdf>

LaTeX Warning: `!h' float specifier changed to `!ht'.


<images/T_fixed_a_with_value_0x7_and_variable_phi_size_2048_with_10000_samples.
pdf, id=1091, 587.19376pt x 442.65375pt>
File: images/T_fixed_a_with_value_0x7_and_variable_phi_size_2048_with_10000_sam
ples.pdf Graphic file (type pdf)

<use images/T_fixed_a_with_value_0x7_and_variable_phi_size_2048_with_10000_samp
les.pdf>

LaTeX Warning: `!h' float specifier changed to `!ht'.


<images/T_fixed_a_with_value_0xb_and_variable_phi_size_2048_with_10000_samples.
pdf, id=1093, 587.19376pt x 442.65375pt>
File: images/T_fixed_a_with_value_0xb_and_variable_phi_size_2048_with_10000_sam
ples.pdf Graphic file (type pdf)

<use images/T_fixed_a_with_value_0xb_and_variable_phi_size_2048_with_10000_samp
les.pdf>

LaTeX Warning: `!h' float specifier changed to `!ht'.


Overfull \hbox (5.49104pt too wide) in paragraph at lines 295--295
 |[]\OT1/cmr/bx/n/17.28 Evaluating $\OML/cmm/m/it/17.28 T []$\OT1/cmr/bx/n/17.2
8 (Variable fix-a-tions, vari-
 []


Package hyperref Warning: Token not allowed in a PDF string (PDFDocEncoding):
(hyperref)                removing `math shift' on input line 295.


Package hyperref Warning: Token not allowed in a PDF string (PDFDocEncoding):
(hyperref)                removing `\left' on input line 295.


Package hyperref Warning: Token not allowed in a PDF string (PDFDocEncoding):
(hyperref)                removing `\phi' on input line 295.


Package hyperref Warning: Token not allowed in a PDF string (PDFDocEncoding):
(hyperref)                removing `\right' on input line 295.


Package hyperref Warning: Token not allowed in a PDF string (PDFDocEncoding):
(hyperref)                removing `math shift' on input line 295.

[58]
Overfull \hbox (69.57658pt too wide) in paragraph at lines 299--307
[][] 
 []


<images/T_a_phi_variable_a_variable_phi_15_round_plot.pdf, id=1101, 587.19376pt
 x 442.65375pt>
File: images/T_a_phi_variable_a_variable_phi_15_round_plot.pdf Graphic file (ty
pe pdf)
 <use images/T_a_phi_variable_a_variable_phi_15_round_plot.pdf>
[59 <./images/T_fixed_a_with_value_0_and_variable_phi_size_2048_with_10000_samp
les.pdf> <./images/T_fixed_a_with_value_0x7_and_variable_phi_size_2048_with_100
00_samples.pdf>]
<images/T_a_phi_variable_a_variable_phi_16_round_plot.pdf, id=1272, 587.19376pt
 x 442.65375pt>
File: images/T_a_phi_variable_a_variable_phi_16_round_plot.pdf Graphic file (ty
pe pdf)
 <use images/T_a_phi_variable_a_variable_phi_16_round_plot.pdf>

LaTeX Warning: `!h' float specifier changed to `!ht'.


<images/T_a_phi_variable_a_variable_phi_17_round_plot.pdf, id=1274, 587.19376pt
 x 442.65375pt>
File: images/T_a_phi_variable_a_variable_phi_17_round_plot.pdf Graphic file (ty
pe pdf)
 <use images/T_a_phi_variable_a_variable_phi_17_round_plot.pdf>

LaTeX Warning: `!h' float specifier changed to `!ht'.


Package hyperref Warning: Token not allowed in a PDF string (PDFDocEncoding):
(hyperref)                removing `math shift' on input line 332.


Package hyperref Warning: Token not allowed in a PDF string (PDFDocEncoding):
(hyperref)                removing `\left' on input line 332.


Package hyperref Warning: Token not allowed in a PDF string (PDFDocEncoding):
(hyperref)                removing `\phi' on input line 332.


Package hyperref Warning: Token not allowed in a PDF string (PDFDocEncoding):
(hyperref)                removing `\right' on input line 332.


Package hyperref Warning: Token not allowed in a PDF string (PDFDocEncoding):
(hyperref)                removing `math shift' on input line 332.


Package hyperref Warning: Token not allowed in a PDF string (PDFDocEncoding):
(hyperref)                removing `math shift' on input line 332.


Package hyperref Warning: Token not allowed in a PDF string (PDFDocEncoding):
(hyperref)                removing `math shift' on input line 332.

[60 <./images/T_fixed_a_with_value_0xb_and_variable_phi_size_2048_with_10000_sa
mples.pdf> <./images/T_a_phi_variable_a_variable_phi_15_round_plot.pdf>]
<images/T_a_phi_variable_a_varible_phi_variable_size_03rounds.pdf, id=1447, 587
.19376pt x 442.65375pt>
File: images/T_a_phi_variable_a_varible_phi_variable_size_03rounds.pdf Graphic 
file (type pdf)

<use images/T_a_phi_variable_a_varible_phi_variable_size_03rounds.pdf>

LaTeX Warning: `!h' float specifier changed to `!ht'.


<images/T_a_phi_variable_a_varible_phi_variable_size_04rounds.pdf, id=1449, 587
.19376pt x 442.65375pt>
File: images/T_a_phi_variable_a_varible_phi_variable_size_04rounds.pdf Graphic 
file (type pdf)

<use images/T_a_phi_variable_a_varible_phi_variable_size_04rounds.pdf>

LaTeX Warning: `!h' float specifier changed to `!ht'.


<images/T_a_phi_variable_a_varible_phi_variable_size_22rounds.pdf, id=1451, 587
.19376pt x 442.65375pt>
File: images/T_a_phi_variable_a_varible_phi_variable_size_22rounds.pdf Graphic 
file (type pdf)

<use images/T_a_phi_variable_a_varible_phi_variable_size_22rounds.pdf>

LaTeX Warning: `!h' float specifier changed to `!ht'.


<images/T_a_phi_variable_a_varible_phi_variable_size_23rounds.pdf, id=1453, 587
.19376pt x 442.65375pt>
File: images/T_a_phi_variable_a_varible_phi_variable_size_23rounds.pdf Graphic 
file (type pdf)

<use images/T_a_phi_variable_a_varible_phi_variable_size_23rounds.pdf>

LaTeX Warning: `!h' float specifier changed to `!ht'.

) (./5datacomplexity.tex [61 <./images/T_a_phi_variable_a_variable_phi_16_round
_plot.pdf> <./images/T_a_phi_variable_a_variable_phi_17_round_plot.pdf>]
[62 <./images/T_a_phi_variable_a_varible_phi_variable_size_03rounds.pdf> <./ima
ges/T_a_phi_variable_a_varible_phi_variable_size_04rounds.pdf>] [63 <./images/T
_a_phi_variable_a_varible_phi_variable_size_22rounds.pdf> <./images/T_a_phi_var
iable_a_varible_phi_variable_size_23rounds.pdf>]
Chapter 5.
) (./8conclusions.tex [64

]
Chapter 6.
) (./thesis-example.bbl [65

] [66

]) AED: lastpage setting LastPage [67]
(./thesis-example.aux)

LaTeX Warning: There were undefined references.


LaTeX Warning: There were multiply-defined labels.

 ) 
Here is how much of TeX's memory you used:
 19858 strings out of 493848
 373683 string characters out of 1152823
 492296 words of memory out of 3000000
 22404 multiletter control sequences out of 15000+50000
 23139 words of font info for 85 fonts, out of 3000000 for 9000
 716 hyphenation exceptions out of 8191
 56i,14n,57p,5427b,466s stack positions out of 5000i,500n,10000p,200000b,50000s
pdfTeX warning (dest): name{UNDEFINED} has been referenced but does not exist
, replaced by a fixed one

pdfTeX warning (dest): name{algorithm.4} has been referenced but does not exist
, replaced by a fixed one

pdfTeX warning (dest): name{algorithm.3} has been referenced but does not exist
, replaced by a fixed one

pdfTeX warning (dest): name{algorithm.2} has been referenced but does not exist
, replaced by a fixed one

pdfTeX warning (dest): name{algorithm.1} has been referenced but does not exist
, replaced by a fixed one

</usr/share/texmf-texlive/fonts/type1/public/amsfonts/cm/cmbx10.pfb></usr/share
/texmf-texlive/fonts/type1/public/amsfonts/cm/cmbx12.pfb></usr/share/texmf-texl
ive/fonts/type1/public/amsfonts/cm/cmbxti10.pfb></usr/share/texmf-texlive/fonts
/type1/public/amsfonts/cm/cmcsc10.pfb></usr/share/texmf-texlive/fonts/type1/pub
lic/amsfonts/cm/cmex10.pfb></usr/share/texmf-texlive/fonts/type1/public/amsfont
s/cm/cmmi10.pfb></usr/share/texmf-texlive/fonts/type1/public/amsfonts/cm/cmmi12
.pfb></usr/share/texmf-texlive/fonts/type1/public/amsfonts/cm/cmmi6.pfb></usr/s
hare/texmf-texlive/fonts/type1/public/amsfonts/cm/cmmi7.pfb></usr/share/texmf-t
exlive/fonts/type1/public/amsfonts/cm/cmmi8.pfb></usr/share/texmf-texlive/fonts
/type1/public/amsfonts/cm/cmr10.pfb></usr/share/texmf-texlive/fonts/type1/publi
c/amsfonts/cm/cmr12.pfb></usr/share/texmf-texlive/fonts/type1/public/amsfonts/c
m/cmr17.pfb></usr/share/texmf-texlive/fonts/type1/public/amsfonts/cm/cmr6.pfb><
/usr/share/texmf-texlive/fonts/type1/public/amsfonts/cm/cmr8.pfb></usr/share/te
xmf-texlive/fonts/type1/public/amsfonts/cm/cmsl12.pfb></usr/share/texmf-texlive
/fonts/type1/public/amsfonts/cm/cmsy10.pfb></usr/share/texmf-texlive/fonts/type
1/public/amsfonts/cm/cmsy6.pfb></usr/share/texmf-texlive/fonts/type1/public/ams
fonts/cm/cmsy8.pfb></usr/share/texmf-texlive/fonts/type1/public/amsfonts/cm/cmt
i12.pfb></usr/share/texmf-texlive/fonts/type1/public/amsfonts/cm/cmtt10.pfb></u
sr/share/texmf-texlive/fonts/type1/public/amsfonts/cm/cmtt12.pfb></usr/share/te
xmf-texlive/fonts/type1/public/amsfonts/symbols/msbm10.pfb>
Output written on thesis-example.pdf (67 pages, 1860399 bytes).
PDF statistics:
 2081 PDF objects out of 2487 (max. 8388607)
 216 named destinations out of 1000 (max. 500000)
 501 words of extra memory for PDF output out of 10000 (max. 10000000)

