\BOOKMARK [0][]{bookmark.0.cover.0}{Cover page}{}
\BOOKMARK [0][]{chapter*.1}{Abbreviations and Acronyms}{}
\BOOKMARK [0][]{bookmark.0.contents.0}{Contents}{}
\BOOKMARK [0][]{chapter.1}{1 Introduction}{}
\BOOKMARK [0][]{chapter.2}{2 Theoretical Background}{}
\BOOKMARK [1][-]{section.2.1}{2.1 Cryptosystem}{chapter.2}
\BOOKMARK [1][-]{section.2.2}{2.2 Block Cipher}{chapter.2}
\BOOKMARK [2][-]{subsection.2.2.1}{2.2.1 Substitution-Permutation Networks \(SPN\)}{section.2.2}
\BOOKMARK [1][-]{section.2.3}{2.3 Cryptanalysis}{chapter.2}
\BOOKMARK [1][-]{section.2.4}{2.4 PRESENT}{chapter.2}
\BOOKMARK [1][-]{section.2.5}{2.5 Statistical Saturation Attack}{chapter.2}
\BOOKMARK [2][-]{subsection.2.5.1}{2.5.1 Partitioning the Plaintext and Ciphertext}{section.2.5}
\BOOKMARK [1][-]{section.2.6}{2.6 Exploiting the Weakness}{chapter.2}
\BOOKMARK [2][-]{subsection.2.6.1}{2.6.1 Comparing with Model Distribution:}{section.2.6}
\BOOKMARK [2][-]{subsection.2.6.2}{2.6.2 Distinguishing Attack:}{section.2.6}
\BOOKMARK [1][-]{section.2.7}{2.7 Probability Distribution}{chapter.2}
\BOOKMARK [2][-]{subsection.2.7.1}{2.7.1 Gamma Distribution}{section.2.7}
\BOOKMARK [2][-]{subsection.2.7.2}{2.7.2 Properties of Gamma Distribution}{section.2.7}
\BOOKMARK [2][-]{subsection.2.7.3}{2.7.3 2-Distribution}{section.2.7}
\BOOKMARK [2][-]{subsection.2.7.4}{2.7.4 Link Between 2 and \040Distribution}{section.2.7}
\BOOKMARK [2][-]{subsection.2.7.5}{2.7.5 Binomial Distribution}{section.2.7}
\BOOKMARK [1][-]{section.2.8}{2.8 Capacity of a Distribution}{chapter.2}
\BOOKMARK [1][-]{section.2.9}{2.9 Distribution of Capacity}{chapter.2}
\BOOKMARK [1][-]{section.2.10}{2.10 Distinguishing Distribution}{chapter.2}
\BOOKMARK [0][]{chapter.3}{3 Statistical Distinguishers}{}
\BOOKMARK [1][-]{section.3.1}{3.1 Model For One Fixation}{chapter.3}
\BOOKMARK [2][-]{subsection.3.1.1}{3.1.1 Arbitrarily Fixed Fixation}{section.3.1}
\BOOKMARK [2][-]{subsection.3.1.2}{3.1.2 Variable Fixation}{section.3.1}
\BOOKMARK [1][-]{section.3.2}{3.2 Model for Multiple Fixations}{chapter.3}
\BOOKMARK [2][-]{subsection.3.2.1}{3.2.1 A given set of fixations}{section.3.2}
\BOOKMARK [2][-]{subsection.3.2.2}{3.2.2 A variable set of fixations}{section.3.2}
\BOOKMARK [1][-]{section.3.3}{3.3 Alternative Models for Variable Set of Fixations}{chapter.3}
\BOOKMARK [2][-]{subsection.3.3.1}{3.3.1 First Alternative Model}{section.3.3}
\BOOKMARK [2][-]{subsection.3.3.2}{3.3.2 Second Alternative Model}{section.3.3}
\BOOKMARK [0][]{chapter.4}{4 Experiment}{}
\BOOKMARK [1][-]{section.4.1}{4.1 ML and SSA Capacities:}{chapter.4}
\BOOKMARK [1][-]{section.4.2}{4.2 Experiment on the Hypothesis:}{chapter.4}
\BOOKMARK [2][-]{subsection.4.2.1}{4.2.1 Comparing ``Distance between theoretical and experimental 2C\(a\)'' with ``variance of 2p\(a\) over all ''}{section.4.2}
\BOOKMARK [1][-]{section.4.3}{4.3 T\(,a\):}{chapter.4}
\BOOKMARK [1][-]{section.4.4}{4.4 Evaluating Ta\(\)\(Fixed fixation, variable sample\)}{chapter.4}
\BOOKMARK [2][-]{subsection.4.4.1}{4.4.1 15 Rounds}{section.4.4}
\BOOKMARK [2][-]{subsection.4.4.2}{4.4.2 Ta\(\) with different fixations after 15 rounds}{section.4.4}
\BOOKMARK [1][-]{section.4.5}{4.5 Evaluating T\(a,\)\(Variable fixations, variable samples\)}{chapter.4}
\BOOKMARK [2][-]{subsection.4.5.1}{4.5.1 T\(,a\) as N grows:}{section.4.5}
\BOOKMARK [0][]{chapter.5}{5 Data Complexity of SSA}{}
\BOOKMARK [0][]{chapter.6}{6 Conclusions}{}
