\BOOKMARK [0][]{bookmark.0.cover.0}{Cover page}{}
\BOOKMARK [0][]{chapter*.1}{Abbreviations and Acronyms}{}
\BOOKMARK [0][]{bookmark.0.contents.0}{Contents}{}
\BOOKMARK [0][]{chapter.1}{1 Introduction}{}
\BOOKMARK [0][]{chapter.2}{2 Block Cipher Cryptanalysis}{}
\BOOKMARK [1][-]{section.2.1}{2.1 Cryptosystem}{chapter.2}
\BOOKMARK [1][-]{section.2.2}{2.2 Block Cipher}{chapter.2}
\BOOKMARK [2][-]{subsection.2.2.1}{2.2.1 Substitution-Permutation Networks }{section.2.2}
\BOOKMARK [1][-]{section.2.3}{2.3 Cryptanalysis}{chapter.2}
\BOOKMARK [1][-]{section.2.4}{2.4 PRESENT}{chapter.2}
\BOOKMARK [1][-]{section.2.5}{2.5 Non-linearity of the S-box in PRESENT}{chapter.2}
\BOOKMARK [1][-]{section.2.6}{2.6 SSA}{chapter.2}
\BOOKMARK [1][-]{section.2.7}{2.7 Constructing an SS trail for PRESENT}{chapter.2}
\BOOKMARK [2][-]{subsection.2.7.1}{2.7.1 SS trails in PRESENT}{section.2.7}
\BOOKMARK [1][-]{section.2.8}{2.8 Exploiting the Weakness}{chapter.2}
\BOOKMARK [2][-]{subsection.2.8.1}{2.8.1 Comparing with Model Distribution}{section.2.8}
\BOOKMARK [2][-]{subsection.2.8.2}{2.8.2 Distinguishing Attack:}{section.2.8}
\BOOKMARK [0][]{chapter.3}{3 Statistics}{}
\BOOKMARK [1][-]{section.3.1}{3.1 Probability Distribution}{chapter.3}
\BOOKMARK [2][-]{subsection.3.1.1}{3.1.1 Gamma Distribution}{section.3.1}
\BOOKMARK [2][-]{subsection.3.1.2}{3.1.2 Properties of Gamma Distribution}{section.3.1}
\BOOKMARK [2][-]{subsection.3.1.3}{3.1.3 2-Distribution}{section.3.1}
\BOOKMARK [2][-]{subsection.3.1.4}{3.1.4 Link Between 2 and \040Distribution}{section.3.1}
\BOOKMARK [2][-]{subsection.3.1.5}{3.1.5 Normal approximation of 2 distribution:}{section.3.1}
\BOOKMARK [2][-]{subsection.3.1.6}{3.1.6 Normal approximation of \040Distribution}{section.3.1}
\BOOKMARK [2][-]{subsection.3.1.7}{3.1.7 Binomial Distribution}{section.3.1}
\BOOKMARK [1][-]{section.3.2}{3.2 Capacity}{chapter.3}
\BOOKMARK [2][-]{subsection.3.2.1}{3.2.1 Capacity of a Distribution}{section.3.2}
\BOOKMARK [2][-]{subsection.3.2.2}{3.2.2 Distribution of Capacity}{section.3.2}
\BOOKMARK [1][-]{section.3.3}{3.3 A statistical test to distinguish distribution}{chapter.3}
\BOOKMARK [1][-]{section.3.4}{3.4 Statistic T for the statistical test}{chapter.3}
\BOOKMARK [2][-]{subsection.3.4.1}{3.4.1 Sampling with replacement}{section.3.4}
\BOOKMARK [2][-]{subsection.3.4.2}{3.4.2 Sampling without replacement}{section.3.4}
\BOOKMARK [0][]{chapter.4}{4 Statistical Distinguishers}{}
\BOOKMARK [1][-]{section.4.1}{4.1 Model For One Fixation}{chapter.4}
\BOOKMARK [2][-]{subsection.4.1.1}{4.1.1 Arbitrarily Fixed Fixation}{section.4.1}
\BOOKMARK [2][-]{subsection.4.1.2}{4.1.2 Variable Fixation}{section.4.1}
\BOOKMARK [1][-]{section.4.2}{4.2 Model for Multiple Fixations}{chapter.4}
\BOOKMARK [2][-]{subsection.4.2.1}{4.2.1 A given set of fixations}{section.4.2}
\BOOKMARK [2][-]{subsection.4.2.2}{4.2.2 A variable set of fixations}{section.4.2}
\BOOKMARK [0][]{chapter.5}{5 Data Complexity of SSA}{}
\BOOKMARK [0][]{chapter.6}{6 Experiment and Evaluation}{}
\BOOKMARK [1][-]{section.6.1}{6.1 SMALLPRESENT-[n]}{chapter.6}
\BOOKMARK [1][-]{section.6.2}{6.2 SS Trails in SMALLPRESENT-[n]}{chapter.6}
\BOOKMARK [2][-]{subsection.6.2.1}{6.2.1 SMALLPRESENT-[4]}{section.6.2}
\BOOKMARK [2][-]{subsection.6.2.2}{6.2.2 SMALLPRESENT-[8]}{section.6.2}
\BOOKMARK [1][-]{section.6.3}{6.3 Experiments on SMALLPRESENT-[4]}{chapter.6}
\BOOKMARK [2][-]{subsection.6.3.1}{6.3.1 SSA Capacities C\(a\):}{section.6.3}
\BOOKMARK [2][-]{subsection.6.3.2}{6.3.2 Statistic T\(,a\)}{section.6.3}
\BOOKMARK [0][]{chapter.7}{7 Conclusions}{}
